proguard/seeds.txt
com.lambert.shaketounlock.MainActivity
com.lambert.shaketounlock.MainActivity: MainActivity()
...
cn.waps.AnimationType
cn.waps.AnimationType: int MINI_RANDOM
cn.waps.AnimationType: AnimationType()
cn.waps.AnimationType: void startMiniAdAnimation(int,android.view.View)
cn.waps.AnimationType: java.util.Map getAnimation(android.view.View)
cn.waps.AppConnect
cn.waps.AppConnect: java.lang.String LIBRARY_VERSION_NUMBER
cn.waps.AppConnect: cn.waps.x o
cn.waps.AppConnect: android.content.Context a
cn.waps.AppConnect: cn.waps.AppConnect p
cn.waps.AppConnect: cn.waps.ac q
cn.waps.AppConnect: android.content.SharedPreferences r
cn.waps.AppConnect: java.lang.String b
cn.waps.AppConnect: java.lang.String s
cn.waps.AppConnect: java.lang.String t
cn.waps.AppConnect: java.lang.String u
cn.waps.AppConnect: java.lang.String v
cn.waps.AppConnect: java.lang.String w
cn.waps.AppConnect: java.lang.String x
cn.waps.AppConnect: java.lang.String y
cn.waps.AppConnect: java.lang.String z
cn.waps.AppConnect: java.lang.String A
cn.waps.AppConnect: java.lang.String B
cn.waps.AppConnect: java.lang.String C
cn.waps.AppConnect: java.lang.String D
cn.waps.AppConnect: java.lang.String E
cn.waps.AppConnect: java.lang.String c
cn.waps.AppConnect: java.lang.String F
cn.waps.AppConnect: java.lang.String G
cn.waps.AppConnect: int H
cn.waps.AppConnect: int I
cn.waps.AppConnect: java.lang.String J
cn.waps.AppConnect: boolean K
cn.waps.AppConnect: boolean L
cn.waps.AppConnect: java.lang.String M
cn.waps.AppConnect: java.lang.String N
cn.waps.AppConnect: java.lang.String O
cn.waps.AppConnect: java.lang.String P
cn.waps.AppConnect: java.lang.String Q
cn.waps.AppConnect: java.lang.String R
cn.waps.AppConnect: java.lang.String S
cn.waps.AppConnect: java.lang.String T
cn.waps.AppConnect: java.lang.String U
cn.waps.AppConnect: java.lang.String V
cn.waps.AppListener
cn.waps.AppListener: AppListener()
cn.waps.AppListener: void a()
cn.waps.AppListener: void onOffersClose()
cn.waps.AppListener: void onBannerClose()
cn.waps.AppListener: void onGetConfig(java.lang.String)
cn.waps.AppLog
cn.waps.AppLog: boolean showLog
cn.waps.AppLog: AppLog()
cn.waps.AppLog: void enableLogging(boolean)
cn.waps.AppLog: void i(java.lang.String,java.lang.String)
cn.waps.AppLog: void e(java.lang.String,java.lang.String)
cn.waps.AppLog: void e(java.lang.String,java.lang.String,java.lang.Throwable)
cn.waps.AppLog: void w(java.lang.String,java.lang.String)
cn.waps.AppLog: void w(java.lang.String,java.lang.String,java.lang.Throwable)
cn.waps.AppLog: void d(java.lang.String,java.lang.String)
cn.waps.AppLog: void v(java.lang.String,java.lang.String)
cn.waps.AppLog: void <clinit>()