proguard/mapping.txt
com.lambert.shaketounlock.MainActivity -> com.lambert.shaketounlock.MainActivity:
    android.widget.Button btnEnable -> a
    android.widget.Button btnDisable -> b
    android.hardware.SensorManager sensorManager -> c
    android.os.Vibrator vibrator -> d
    boolean bEnabled -> e
    android.view.View slidingDrawerView -> f
    android.os.Handler handler -> g
    android.hardware.SensorEventListener mSensorEventListener -> h
    void onCreate(android.os.Bundle) -> onCreate
    void onDestroy() -> onDestroy
    void checkBtnStatus() -> a
    void access$0(com.lambert.shaketounlock.MainActivity) -> a
    android.os.Handler access$1(com.lambert.shaketounlock.MainActivity) -> b
    void access$2(com.lambert.shaketounlock.MainActivity,android.hardware.SensorManager) -> a
    android.hardware.SensorManager access$3(com.lambert.shaketounlock.MainActivity) -> c
    android.hardware.SensorEventListener access$4(com.lambert.shaketounlock.MainActivity) -> d
    void access$5(boolean) -> a
    void access$6(com.lambert.shaketounlock.MainActivity) -> e
com.lambert.shaketounlock.MainActivity$1 -> com.lambert.shaketounlock.a:
    com.lambert.shaketounlock.MainActivity this$0 -> a
    void handleMessage(android.os.Message) -> handleMessage
com.lambert.shaketounlock.MainActivity$2 -> com.lambert.shaketounlock.b:
    com.lambert.shaketounlock.MainActivity this$0 -> a
    void onSensorChanged(android.hardware.SensorEvent) -> onSensorChanged
    void onAccuracyChanged(android.hardware.Sensor,int) -> onAccuracyChanged
com.lambert.shaketounlock.MainActivity$3 -> com.lambert.shaketounlock.c:
    com.lambert.shaketounlock.MainActivity this$0 -> a
    void onClick(android.view.View) -> onClick
com.lambert.shaketounlock.MainActivity$4 -> com.lambert.shaketounlock.d:
    com.lambert.shaketounlock.MainActivity this$0 -> a
    void onClick(android.view.View) -> onClick
...
android.support.v4.app.BackStackRecord -> android.support.v4.app.a:
    android.support.v4.app.FragmentManagerImpl mManager -> a
    android.support.v4.app.BackStackRecord$Op mHead -> b
    android.support.v4.app.BackStackRecord$Op mTail -> c
    int mNumOp -> d
    int mEnterAnim -> e
    int mExitAnim -> f
    int mPopEnterAnim -> g
    int mPopExitAnim -> h
    int mTransition -> i
    int mTransitionStyle -> j
    boolean mAddToBackStack -> k
    boolean mAllowAddToBackStack -> l
    java.lang.String mName -> m
    boolean mCommitted -> n
    int mIndex -> o
    int mBreadCrumbTitleRes -> p
    java.lang.CharSequence mBreadCrumbTitleText -> q
    int mBreadCrumbShortTitleRes -> r
    java.lang.CharSequence mBreadCrumbShortTitleText -> s
    java.lang.String toString() -> toString
    void dump$ec96877(java.lang.String,java.io.PrintWriter) -> a
    void dump(java.lang.String,java.io.PrintWriter,boolean) -> a
    void addOp(android.support.v4.app.BackStackRecord$Op) -> a
    android.support.v4.app.FragmentTransaction add(int,android.support.v4.app.Fragment,java.lang.String) -> a
    android.support.v4.app.FragmentTransaction detach(android.support.v4.app.Fragment) -> a
    android.support.v4.app.FragmentTransaction attach(android.support.v4.app.Fragment) -> b
    void bumpBackStackNesting(int) -> a
    int commit() -> a
    void run() -> run
    void popFromBackStack$1385ff() -> b
android.support.v4.app.BackStackRecord$Op -> android.support.v4.app.b:
    android.support.v4.app.BackStackRecord$Op next -> a
    android.support.v4.app.BackStackRecord$Op prev -> b
    int cmd -> c
    android.support.v4.app.Fragment fragment -> d
    int enterAnim -> e
    int exitAnim -> f
    int popEnterAnim -> g
    int popExitAnim -> h
    java.util.ArrayList removed -> i
android.support.v4.app.BackStackState -> android.support.v4.app.BackStackState:
    int[] mOps -> a
    int mTransition -> b
    int mTransitionStyle -> c
    java.lang.String mName -> d
    int mIndex -> e
    int mBreadCrumbTitleRes -> f
    java.lang.CharSequence mBreadCrumbTitleText -> g
    int mBreadCrumbShortTitleRes -> h
    java.lang.CharSequence mBreadCrumbShortTitleText -> i
    android.os.Parcelable$Creator CREATOR -> CREATOR
    android.support.v4.app.BackStackRecord instantiate(android.support.v4.app.FragmentManagerImpl) -> a
    int describeContents() -> describeContents
    void writeToParcel(android.os.Parcel,int) -> writeToParcel
android.support.v4.app.BackStackState$1 -> android.support.v4.app.c:
    java.lang.Object[] newArray(int) -> newArray
    java.lang.Object createFromParcel(android.os.Parcel) -> createFromParcel